2025-06-30 11:06:58,793 INFO o.a.j.u.JMeterUtils: Setting Locale to en_EN
2025-06-30 11:06:58,806 INFO o.a.j.JMeter: Loading user properties from: /opt/homebrew/Cellar/jmeter/5.6.3/libexec/bin/user.properties
2025-06-30 11:06:58,807 INFO o.a.j.JMeter: Loading system properties from: /opt/homebrew/Cellar/jmeter/5.6.3/libexec/bin/system.properties
2025-06-30 11:06:58,811 INFO o.a.j.JMeter: Copyright (c) 1998-2024 The Apache Software Foundation
2025-06-30 11:06:58,811 INFO o.a.j.JMeter: Version 5.6.3
2025-06-30 11:06:58,811 INFO o.a.j.JMeter: java.version=21.0.7
2025-06-30 11:06:58,811 INFO o.a.j.JMeter: java.vm.name=OpenJDK 64-Bit Server VM
2025-06-30 11:06:58,811 INFO o.a.j.JMeter: os.name=Mac OS X
2025-06-30 11:06:58,811 INFO o.a.j.JMeter: os.arch=aarch64
2025-06-30 11:06:58,811 INFO o.a.j.JMeter: os.version=15.5
2025-06-30 11:06:58,811 INFO o.a.j.JMeter: file.encoding=UTF-8
2025-06-30 11:06:58,811 INFO o.a.j.JMeter: java.awt.headless=true
2025-06-30 11:06:58,811 INFO o.a.j.JMeter: Max memory     =1073741824
2025-06-30 11:06:58,811 INFO o.a.j.JMeter: Available Processors =8
2025-06-30 11:06:58,817 INFO o.a.j.JMeter: Default Locale=English (EN)
2025-06-30 11:06:58,818 INFO o.a.j.JMeter: JMeter  Locale=English (EN)
2025-06-30 11:06:58,818 INFO o.a.j.JMeter: JMeterHome=/opt/homebrew/Cellar/jmeter/5.6.3/libexec
2025-06-30 11:06:58,818 INFO o.a.j.JMeter: user.dir  =/Users/louisboucard/Documents/ubeer
2025-06-30 11:06:58,818 INFO o.a.j.JMeter: PWD       =/Users/louisboucard/Documents/ubeer
2025-06-30 11:06:58,820 INFO o.a.j.JMeter: IP: 127.0.0.1 Name: MacBook-Air-de-Louis.local FullName: localhost
2025-06-30 11:06:58,830 INFO o.a.j.s.FileServer: Default base='/Users/louisboucard/Documents/ubeer'
2025-06-30 11:06:58,831 INFO o.a.j.s.FileServer: Set new base='/Users/louisboucard/Documents/ubeer/tests/jmeter'
2025-06-30 11:06:58,926 INFO o.a.j.s.SaveService: Testplan (JMX) version: 2.2. Testlog (JTL) version: 2.2
2025-06-30 11:06:58,952 INFO o.a.j.s.SaveService: Using SaveService properties version 5.0
2025-06-30 11:06:58,954 INFO o.a.j.s.SaveService: Using SaveService properties file encoding UTF-8
2025-06-30 11:06:58,956 INFO o.a.j.s.SaveService: Loading file: tests/jmeter/test_beers_load.jmx
2025-06-30 11:06:58,994 INFO o.a.j.p.h.s.HTTPSamplerBase: Parser for text/html is org.apache.jmeter.protocol.http.parser.LagartoBasedHtmlParser
2025-06-30 11:06:58,994 INFO o.a.j.p.h.s.HTTPSamplerBase: Parser for application/xhtml+xml is org.apache.jmeter.protocol.http.parser.LagartoBasedHtmlParser
2025-06-30 11:06:58,994 INFO o.a.j.p.h.s.HTTPSamplerBase: Parser for application/xml is org.apache.jmeter.protocol.http.parser.LagartoBasedHtmlParser
2025-06-30 11:06:58,994 INFO o.a.j.p.h.s.HTTPSamplerBase: Parser for text/xml is org.apache.jmeter.protocol.http.parser.LagartoBasedHtmlParser
2025-06-30 11:06:58,994 INFO o.a.j.p.h.s.HTTPSamplerBase: Parser for text/vnd.wap.wml is org.apache.jmeter.protocol.http.parser.RegexpHTMLParser
2025-06-30 11:06:58,994 INFO o.a.j.p.h.s.HTTPSamplerBase: Parser for text/css is org.apache.jmeter.protocol.http.parser.CssParser
2025-06-30 11:06:58,999 INFO o.a.j.JMeter: Creating summariser <summary>
2025-06-30 11:06:59,013 INFO o.a.j.e.StandardJMeterEngine: Running the test!
2025-06-30 11:06:59,013 INFO o.a.j.s.SampleEvent: List of sample_variables: []
2025-06-30 11:06:59,013 INFO o.a.j.s.SampleEvent: List of sample_variables: []
2025-06-30 11:06:59,015 INFO o.a.j.e.u.CompoundVariable: Note: Function class names must contain the string: '.functions.'
2025-06-30 11:06:59,016 INFO o.a.j.e.u.CompoundVariable: Note: Function class names must not contain the string: '.gui.'
2025-06-30 11:06:59,050 INFO o.a.j.r.ClassFinder: Will scan jar /opt/homebrew/Cellar/jmeter/5.6.3/libexec/lib/ext/jmeter-plugins-manager-1.9.jar with filter ExtendsClassFilter [parents=[interface org.apache.jmeter.functions.Function], inner=false, contains=null, notContains=null]. Consider exposing JMeter plugins via META-INF/services, and add JMeter-Skip-Class-Scanning=true manifest attribute so JMeter can skip classfile scanning
2025-06-30 11:06:59,098 INFO o.a.j.JMeter: Running test (1751274419098)
2025-06-30 11:06:59,109 INFO o.a.j.e.StandardJMeterEngine: Starting ThreadGroup: 1 : 10 Users x 100 Iterations
2025-06-30 11:06:59,110 INFO o.a.j.e.StandardJMeterEngine: Starting 10 threads for group 10 Users x 100 Iterations.
2025-06-30 11:06:59,110 INFO o.a.j.e.StandardJMeterEngine: Thread will continue on error
2025-06-30 11:06:59,110 INFO o.a.j.t.ThreadGroup: Starting thread group... number=1 threads=10 ramp-up=1 delayedStart=false
2025-06-30 11:06:59,114 INFO o.a.j.t.ThreadGroup: Started thread group number 1
2025-06-30 11:06:59,114 INFO o.a.j.t.JMeterThread: Thread started: 10 Users x 100 Iterations 1-1
2025-06-30 11:06:59,114 INFO o.a.j.e.StandardJMeterEngine: All thread groups have been started
2025-06-30 11:06:59,117 INFO o.a.j.s.SampleResult: Note: Sample TimeStamps are START times
2025-06-30 11:06:59,117 INFO o.a.j.s.SampleResult: sampleresult.default.encoding is set to UTF-8
2025-06-30 11:06:59,117 INFO o.a.j.s.SampleResult: sampleresult.useNanoTime=true
2025-06-30 11:06:59,117 INFO o.a.j.s.SampleResult: sampleresult.nanoThreadSleep=5000
2025-06-30 11:06:59,137 INFO o.a.j.t.JMeterThread: Thread is done: 10 Users x 100 Iterations 1-1
2025-06-30 11:06:59,137 INFO o.a.j.t.JMeterThread: Thread finished: 10 Users x 100 Iterations 1-1
2025-06-30 11:06:59,215 INFO o.a.j.t.JMeterThread: Thread started: 10 Users x 100 Iterations 1-2
2025-06-30 11:06:59,228 INFO o.a.j.t.JMeterThread: Thread is done: 10 Users x 100 Iterations 1-2
2025-06-30 11:06:59,228 INFO o.a.j.t.JMeterThread: Thread finished: 10 Users x 100 Iterations 1-2
2025-06-30 11:06:59,317 INFO o.a.j.t.JMeterThread: Thread started: 10 Users x 100 Iterations 1-3
2025-06-30 11:06:59,329 INFO o.a.j.t.JMeterThread: Thread is done: 10 Users x 100 Iterations 1-3
2025-06-30 11:06:59,329 INFO o.a.j.t.JMeterThread: Thread finished: 10 Users x 100 Iterations 1-3
2025-06-30 11:06:59,417 INFO o.a.j.t.JMeterThread: Thread started: 10 Users x 100 Iterations 1-4
2025-06-30 11:06:59,428 INFO o.a.j.t.JMeterThread: Thread is done: 10 Users x 100 Iterations 1-4
2025-06-30 11:06:59,428 INFO o.a.j.t.JMeterThread: Thread finished: 10 Users x 100 Iterations 1-4
2025-06-30 11:06:59,516 INFO o.a.j.t.JMeterThread: Thread started: 10 Users x 100 Iterations 1-5
2025-06-30 11:06:59,529 INFO o.a.j.t.JMeterThread: Thread is done: 10 Users x 100 Iterations 1-5
2025-06-30 11:06:59,529 INFO o.a.j.t.JMeterThread: Thread finished: 10 Users x 100 Iterations 1-5
2025-06-30 11:06:59,615 INFO o.a.j.t.JMeterThread: Thread started: 10 Users x 100 Iterations 1-6
2025-06-30 11:06:59,624 INFO o.a.j.t.JMeterThread: Thread is done: 10 Users x 100 Iterations 1-6
2025-06-30 11:06:59,624 INFO o.a.j.t.JMeterThread: Thread finished: 10 Users x 100 Iterations 1-6
2025-06-30 11:06:59,716 INFO o.a.j.t.JMeterThread: Thread started: 10 Users x 100 Iterations 1-7
2025-06-30 11:06:59,720 INFO o.a.j.t.JMeterThread: Thread is done: 10 Users x 100 Iterations 1-7
2025-06-30 11:06:59,720 INFO o.a.j.t.JMeterThread: Thread finished: 10 Users x 100 Iterations 1-7
2025-06-30 11:06:59,816 INFO o.a.j.t.JMeterThread: Thread started: 10 Users x 100 Iterations 1-8
2025-06-30 11:06:59,820 INFO o.a.j.t.JMeterThread: Thread is done: 10 Users x 100 Iterations 1-8
2025-06-30 11:06:59,820 INFO o.a.j.t.JMeterThread: Thread finished: 10 Users x 100 Iterations 1-8
2025-06-30 11:06:59,916 INFO o.a.j.t.JMeterThread: Thread started: 10 Users x 100 Iterations 1-9
2025-06-30 11:06:59,921 INFO o.a.j.t.JMeterThread: Thread is done: 10 Users x 100 Iterations 1-9
2025-06-30 11:06:59,921 INFO o.a.j.t.JMeterThread: Thread finished: 10 Users x 100 Iterations 1-9
2025-06-30 11:07:00,015 INFO o.a.j.t.JMeterThread: Thread started: 10 Users x 100 Iterations 1-10
2025-06-30 11:07:00,017 INFO o.a.j.r.Summariser: summary +    901 in 00:00:01 =  981.5/s Avg:     0 Min:     0 Max:     0 Err:   901 (100.00%) Active: 1 Started: 10 Finished: 9
2025-06-30 11:07:00,021 INFO o.a.j.t.JMeterThread: Thread is done: 10 Users x 100 Iterations 1-10
2025-06-30 11:07:00,022 INFO o.a.j.t.JMeterThread: Thread finished: 10 Users x 100 Iterations 1-10
2025-06-30 11:07:00,022 INFO o.a.j.e.StandardJMeterEngine: Notifying test listeners of end of test
2025-06-30 11:07:00,022 INFO o.a.j.r.Summariser: summary +     99 in 00:00:00 = 16500.0/s Avg:     0 Min:     0 Max:     0 Err:    99 (100.00%) Active: 0 Started: 10 Finished: 10
2025-06-30 11:07:00,023 INFO o.a.j.r.Summariser: summary =   1000 in 00:00:01 = 1082.3/s Avg:     0 Min:     0 Max:     0 Err:  1000 (100.00%)
